Traitement de la détection 1
Alerte créée: 1 - Vol - CAM-11-EspaceVente
Envoi des notifications pour l'alerte 1
Alerte temps réel envoyée: 1
Détection 1: 1 alerte(s) créée(s)
Traitement de la détection 2
Alerte créée: 2 - Objet abandonné - CAM-12-Caisse
Envoi des notifications pour l'alerte 2
Alerte temps réel envoyée: 2
Détection 2: 1 alerte(s) créée(s)
Traitement de la détection 3
Détection 3: 0 alerte(s) créée(s)
Traitement de la détection 4
Détection 4: 0 alerte(s) créée(s)
Traitement de la détection 5
Détection 5: 0 alerte(s) créée(s)
Traitement de la détection 6
Détection 6: 0 alerte(s) créée(s)
Traitement de la détection 7
Alerte créée: 3 - Intrusion - CAM-06-QuaideChargement
Envoi des notifications pour l'alerte 3
Alerte temps réel envoyée: 3
Détection 7: 1 alerte(s) créée(s)
Traitement de la détection 8
Détection 8: 0 alerte(s) créée(s)
Traitement de la détection 9
Alerte créée: 4 - Objet abandonné - CAM-04-RayonAlimentaire
Envoi des notifications pour l'alerte 4
Alerte temps réel envoyée: 4
Détection 9: 1 alerte(s) créée(s)
Traitement de la détection 10
Détection 10: 0 alerte(s) créée(s)
Traitement de la détection 11
Détection 11: 0 alerte(s) créée(s)
Traitement de la détection 12
Détection 12: 0 alerte(s) créée(s)
Traitement de la détection 13
Détection 13: 0 alerte(s) créée(s)
Traitement de la détection 14
Détection 14: 0 alerte(s) créée(s)
Traitement de la détection 15
Détection 15: 0 alerte(s) créée(s)
Traitement de la détection 16
Détection 16: 0 alerte(s) créée(s)
Traitement de la détection 17
Détection 17: 0 alerte(s) créée(s)
Traitement de la détection 18
Détection 18: 0 alerte(s) créée(s)
Traitement de la détection 19
Alerte créée: 5 - Vol - CAM-02-Caisses
Envoi des notifications pour l'alerte 5
Alerte temps réel envoyée: 5
Détection 19: 1 alerte(s) créée(s)
Traitement de la détection 20
Détection 20: 0 alerte(s) créée(s)
Traitement de la détection 21
Détection 21: 0 alerte(s) créée(s)
Traitement de la détection 22
Détection 22: 0 alerte(s) créée(s)
Traitement de la détection 23
Détection 23: 0 alerte(s) créée(s)
Traitement de la détection 24
Détection 24: 0 alerte(s) créée(s)
Erreur dashboard: Reverse for 'static' not found. 'static' is not a valid view function or pattern name.
Erreur dashboard: Reverse for 'profile' not found. 'profile' is not a valid view function or pattern name.
Erreur dashboard: Reverse for 'profile' not found. 'profile' is not a valid view function or pattern name.
Erreur dashboard: Reverse for 'profile' not found. 'profile' is not a valid view function or pattern name.
Erreur dashboard: Reverse for 'profile' not found. 'profile' is not a valid view function or pattern name.
Erreur dashboard: Reverse for 'profile' not found. 'profile' is not a valid view function or pattern name.
Erreur dashboard: Reverse for 'profile' not found. 'profile' is not a valid view function or pattern name.
Erreur dashboard: Reverse for 'profile' not found. 'profile' is not a valid view function or pattern name.
Erreur dashboard: Reverse for 'profile' not found. 'profile' is not a valid view function or pattern name.
Erreur dashboard: Reverse for 'profile' not found. 'profile' is not a valid view function or pattern name.
Erreur dashboard: Reverse for 'profile' not found. 'profile' is not a valid view function or pattern name.
Erreur dashboard: Cannot reorder a query once a slice has been taken.
Erreur dashboard: Cannot reorder a query once a slice has been taken.
Erreur dashboard: Cannot reorder a query once a slice has been taken.
Erreur dashboard: Cannot reorder a query once a slice has been taken.
Erreur dashboard: Cannot reorder a query once a slice has been taken.
Erreur streaming caméra null: Field 'id' expected a number but got 'null'.
Erreur dashboard: Cannot reorder a query once a slice has been taken.
Erreur streaming caméra null: Field 'id' expected a number but got 'null'.
Erreur streaming caméra null: Field 'id' expected a number but got 'null'.
Erreur streaming caméra null: Field 'id' expected a number but got 'null'.
Erreur dashboard: Cannot reorder a query once a slice has been taken.
Erreur streaming caméra null: Field 'id' expected a number but got 'null'.
Erreur dashboard: Cannot reorder a query once a slice has been taken.
Erreur streaming caméra null: Field 'id' expected a number but got 'null'.
Erreur dashboard: Cannot reorder a query once a slice has been taken.
Traitement de la détection 62
Alerte créée: 6 - Accident - CAM-06-QuaideChargement
Envoi des notifications pour l'alerte 6
Alerte temps réel envoyée: 6
Alerte créée: 7 - Accident - CAM-06-QuaideChargement
Envoi des notifications pour l'alerte 7
Alerte temps réel envoyée: 7
Détection 62: 2 alerte(s) créée(s)
Traitement de la détection 63
Détection 63: 0 alerte(s) créée(s)
Traitement de la détection 64
Détection 64: 0 alerte(s) créée(s)
Traitement de la détection 65
Alerte créée: 8 - Comportement suspect - CAM-02-Caisses
Envoi des notifications pour l'alerte 8
Alerte temps réel envoyée: 8
Alerte créée: 9 - Comportement suspect - CAM-02-Caisses
Envoi des notifications pour l'alerte 9
Alerte temps réel envoyée: 9
Détection 65: 2 alerte(s) créée(s)
Traitement de la détection 66
Alerte créée: 10 - Vol - CAM-07-ZoneStockageA
Envoi des notifications pour l'alerte 10
Alerte temps réel envoyée: 10
Alerte créée: 11 - Vol - CAM-07-ZoneStockageA
Envoi des notifications pour l'alerte 11
Alerte temps réel envoyée: 11
Détection 66: 2 alerte(s) créée(s)
Traitement de la détection 67
Détection 67: 0 alerte(s) créée(s)
Traitement de la détection 68
Détection 68: 0 alerte(s) créée(s)
Traitement de la détection 69
Détection 69: 0 alerte(s) créée(s)
Traitement de la détection 70
Détection 70: 0 alerte(s) créée(s)
Traitement de la détection 71
Détection 71: 0 alerte(s) créée(s)
Traitement de la détection 72
Détection 72: 0 alerte(s) créée(s)
Traitement de la détection 73
Détection 73: 0 alerte(s) créée(s)
Traitement de la détection 74
Détection 74: 0 alerte(s) créée(s)
Traitement de la détection 75
Détection 75: 0 alerte(s) créée(s)
Traitement de la détection 76
Détection 76: 0 alerte(s) créée(s)
Traitement de la détection 77
Détection 77: 0 alerte(s) créée(s)
Traitement de la détection 78
Alerte créée: 12 - Vol - CAM-03-RayonÉlectronique
Envoi des notifications pour l'alerte 12
Alerte temps réel envoyée: 12
Alerte créée: 13 - Vol - CAM-03-RayonÉlectronique
Envoi des notifications pour l'alerte 13
Alerte temps réel envoyée: 13
Détection 78: 2 alerte(s) créée(s)
Erreur dashboard: Cannot reorder a query once a slice has been taken.
Traitement de la détection 129
Alerte créée: 14 - Vol - CAM-10-Vitrine
Envoi des notifications pour l'alerte 14
Alerte temps réel envoyée: 14
Alerte créée: 15 - Vol - CAM-10-Vitrine
Envoi des notifications pour l'alerte 15
Alerte temps réel envoyée: 15
Alerte créée: 16 - Vol - CAM-10-Vitrine
Envoi des notifications pour l'alerte 16
Alerte temps réel envoyée: 16
Alerte créée: 17 - Vol - CAM-10-Vitrine
Envoi des notifications pour l'alerte 17
Alerte temps réel envoyée: 17
Alerte créée: 18 - Vol - CAM-10-Vitrine
Envoi des notifications pour l'alerte 18
Alerte temps réel envoyée: 18
Alerte créée: 19 - Vol - CAM-10-Vitrine
Envoi des notifications pour l'alerte 19
Alerte temps réel envoyée: 19
Détection 129: 6 alerte(s) créée(s)
Traitement de la détection 130
Alerte créée: 20 - Vol - CAM-01-EntréePrincipale
Envoi des notifications pour l'alerte 20
Alerte temps réel envoyée: 20
Alerte créée: 21 - Vol - CAM-01-EntréePrincipale
Envoi des notifications pour l'alerte 21
Alerte temps réel envoyée: 21
Détection 130: 2 alerte(s) créée(s)
Traitement de la détection 131
Détection 131: 0 alerte(s) créée(s)
Traitement de la détection 132
Détection 132: 0 alerte(s) créée(s)
Traitement de la détection 133
Détection 133: 0 alerte(s) créée(s)
Traitement de la détection 134
Détection 134: 0 alerte(s) créée(s)
Traitement de la détection 135
Alerte créée: 22 - Vol - CAM-07-ZoneStockageA
Envoi des notifications pour l'alerte 22
Alerte temps réel envoyée: 22
Alerte créée: 23 - Vol - CAM-07-ZoneStockageA
Envoi des notifications pour l'alerte 23
Alerte temps réel envoyée: 23
Détection 135: 2 alerte(s) créée(s)
Traitement de la détection 136
Détection 136: 0 alerte(s) créée(s)
Traitement de la détection 137
Détection 137: 0 alerte(s) créée(s)
Traitement de la détection 138
Détection 138: 0 alerte(s) créée(s)
Traitement de la détection 139
Détection 139: 0 alerte(s) créée(s)
Traitement de la détection 140
Détection 140: 0 alerte(s) créée(s)
Traitement de la détection 141
Détection 141: 0 alerte(s) créée(s)
Traitement de la détection 142
Détection 142: 0 alerte(s) créée(s)
Traitement de la détection 143
Détection 143: 0 alerte(s) créée(s)
Traitement de la détection 144
Détection 144: 0 alerte(s) créée(s)
Traitement de la détection 145
Détection 145: 0 alerte(s) créée(s)
Traitement de la détection 146
Détection 146: 0 alerte(s) créée(s)
Erreur dashboard: Cannot reorder a query once a slice has been taken.
Erreur dashboard: Cannot reorder a query once a slice has been taken.
Traitement de la détection 200
Détection 200: 0 alerte(s) créée(s)
Traitement de la détection 201
Alerte créée: 24 - Vol - CAM-09-BureauAdministration
Envoi des notifications pour l'alerte 24
Alerte temps réel envoyée: 24
Alerte créée: 25 - Vol - CAM-09-BureauAdministration
Envoi des notifications pour l'alerte 25
Alerte temps réel envoyée: 25
Alerte créée: 26 - Vol - CAM-09-BureauAdministration
Envoi des notifications pour l'alerte 26
Alerte temps réel envoyée: 26
Détection 201: 3 alerte(s) créée(s)
Traitement de la détection 202
Détection 202: 0 alerte(s) créée(s)
Traitement de la détection 203
Détection 203: 0 alerte(s) créée(s)
Traitement de la détection 204
Alerte créée: 27 - Vol - CAM-04-RayonAlimentaire
Envoi des notifications pour l'alerte 27
Alerte temps réel envoyée: 27
Alerte créée: 28 - Vol - CAM-04-RayonAlimentaire
Envoi des notifications pour l'alerte 28
Alerte temps réel envoyée: 28
Alerte créée: 29 - Vol - CAM-04-RayonAlimentaire
Envoi des notifications pour l'alerte 29
Alerte temps réel envoyée: 29
Alerte créée: 30 - Vol - CAM-04-RayonAlimentaire
Envoi des notifications pour l'alerte 30
Alerte temps réel envoyée: 30
Détection 204: 4 alerte(s) créée(s)
Traitement de la détection 205
Détection 205: 0 alerte(s) créée(s)
Traitement de la détection 206
Alerte créée: 31 - Attroupement - CAM-12-Caisse
Envoi des notifications pour l'alerte 31
Alerte temps réel envoyée: 31
Détection 206: 1 alerte(s) créée(s)
Traitement de la détection 207
Détection 207: 0 alerte(s) créée(s)
Traitement de la détection 208
Détection 208: 0 alerte(s) créée(s)
Traitement de la détection 209
Détection 209: 0 alerte(s) créée(s)
Traitement de la détection 210
Détection 210: 0 alerte(s) créée(s)
Traitement de la détection 211
Détection 211: 0 alerte(s) créée(s)
Erreur dashboard: Cannot reorder a query once a slice has been taken.
Erreur dashboard: Cannot reorder a query once a slice has been taken.
Traitement de la détection 254
Alerte créée: 32 - Incendie - CAM-03-RayonÉlectronique
Envoi des notifications pour l'alerte 32
Alerte temps réel envoyée: 32
Détection 254: 1 alerte(s) créée(s)
Traitement de la détection 255
Alerte créée: 33 - Attroupement - CAM-07-ZoneStockageA
Envoi des notifications pour l'alerte 33
Alerte temps réel envoyée: 33
Alerte créée: 34 - Attroupement - CAM-07-ZoneStockageA
Envoi des notifications pour l'alerte 34
Alerte temps réel envoyée: 34
Détection 255: 2 alerte(s) créée(s)
Traitement de la détection 256
Détection 256: 0 alerte(s) créée(s)
Traitement de la détection 257
Détection 257: 0 alerte(s) créée(s)
Traitement de la détection 258
Alerte créée: 35 - Objet abandonné - CAM-10-Vitrine
Envoi des notifications pour l'alerte 35
Alerte temps réel envoyée: 35
Détection 258: 1 alerte(s) créée(s)
Traitement de la détection 259
Alerte créée: 36 - Vol - CAM-04-RayonAlimentaire
Envoi des notifications pour l'alerte 36
Alerte temps réel envoyée: 36
Alerte créée: 37 - Vol - CAM-04-RayonAlimentaire
Envoi des notifications pour l'alerte 37
Alerte temps réel envoyée: 37
Alerte créée: 38 - Vol - CAM-04-RayonAlimentaire
Envoi des notifications pour l'alerte 38
Alerte temps réel envoyée: 38
Alerte créée: 39 - Vol - CAM-04-RayonAlimentaire
Envoi des notifications pour l'alerte 39
Alerte temps réel envoyée: 39
Alerte créée: 40 - Vol - CAM-04-RayonAlimentaire
Envoi des notifications pour l'alerte 40
Alerte temps réel envoyée: 40
Détection 259: 5 alerte(s) créée(s)
Traitement de la détection 260
Détection 260: 0 alerte(s) créée(s)
Traitement de la détection 261
Détection 261: 0 alerte(s) créée(s)
Traitement de la détection 262
Détection 262: 0 alerte(s) créée(s)
Traitement de la détection 263
Détection 263: 0 alerte(s) créée(s)
Traitement de la détection 264
Détection 264: 0 alerte(s) créée(s)
Erreur dashboard: Cannot reorder a query once a slice has been taken.
Erreur dashboard: Cannot reorder a query once a slice has been taken.
Traitement de la détection 307
Détection 307: 0 alerte(s) créée(s)
Traitement de la détection 308
Alerte créée: 41 - Violence - CAM-07-ZoneStockageA
Envoi des notifications pour l'alerte 41
Alerte temps réel envoyée: 41
Détection 308: 1 alerte(s) créée(s)
Traitement de la détection 309
Détection 309: 0 alerte(s) créée(s)
Traitement de la détection 310
Alerte créée: 42 - Comportement suspect - CAM-12-Caisse
Envoi des notifications pour l'alerte 42
Alerte temps réel envoyée: 42
Détection 310: 1 alerte(s) créée(s)
Traitement de la détection 311
Alerte créée: 43 - Vol - CAM-10-Vitrine
Envoi des notifications pour l'alerte 43
Alerte temps réel envoyée: 43
Alerte créée: 44 - Vol - CAM-10-Vitrine
Envoi des notifications pour l'alerte 44
Alerte temps réel envoyée: 44
Alerte créée: 45 - Vol - CAM-10-Vitrine
Envoi des notifications pour l'alerte 45
Alerte temps réel envoyée: 45
Alerte créée: 46 - Vol - CAM-10-Vitrine
Envoi des notifications pour l'alerte 46
Alerte temps réel envoyée: 46
Alerte créée: 47 - Vol - CAM-10-Vitrine
Envoi des notifications pour l'alerte 47
Alerte temps réel envoyée: 47
Alerte créée: 48 - Vol - CAM-10-Vitrine
Envoi des notifications pour l'alerte 48
Alerte temps réel envoyée: 48
Détection 311: 6 alerte(s) créée(s)
Traitement de la détection 312
Détection 312: 0 alerte(s) créée(s)
Traitement de la détection 313
Détection 313: 0 alerte(s) créée(s)
Traitement de la détection 314
Détection 314: 0 alerte(s) créée(s)
Traitement de la détection 315
Détection 315: 0 alerte(s) créée(s)
Traitement de la détection 316
Détection 316: 0 alerte(s) créée(s)
Traitement de la détection 317
Détection 317: 0 alerte(s) créée(s)
Traitement de la détection 318
Détection 318: 0 alerte(s) créée(s)
Traitement de la détection 319
Détection 319: 0 alerte(s) créée(s)
Traitement de la détection 320
Détection 320: 0 alerte(s) créée(s)
Erreur dashboard: Cannot reorder a query once a slice has been taken.
Traitement de la détection 380
Alerte créée: 49 - Intrusion - CAM-05-Réserve
Envoi des notifications pour l'alerte 49
Alerte temps réel envoyée: 49
Alerte créée: 50 - Intrusion - CAM-05-Réserve
Envoi des notifications pour l'alerte 50
Alerte temps réel envoyée: 50
Alerte créée: 51 - Intrusion - CAM-05-Réserve
Envoi des notifications pour l'alerte 51
Alerte temps réel envoyée: 51
Alerte créée: 52 - Intrusion - CAM-05-Réserve
Envoi des notifications pour l'alerte 52
Alerte temps réel envoyée: 52
Détection 380: 4 alerte(s) créée(s)
Traitement de la détection 381
Détection 381: 0 alerte(s) créée(s)
Traitement de la détection 382
Détection 382: 0 alerte(s) créée(s)
Traitement de la détection 383
Alerte créée: 53 - Comportement suspect - CAM-12-Caisse
Envoi des notifications pour l'alerte 53
Alerte temps réel envoyée: 53
Détection 383: 1 alerte(s) créée(s)
Traitement de la détection 384
Détection 384: 0 alerte(s) créée(s)
Traitement de la détection 385
Détection 385: 0 alerte(s) créée(s)
Traitement de la détection 386
Détection 386: 0 alerte(s) créée(s)
Traitement de la détection 387
Détection 387: 0 alerte(s) créée(s)
Traitement de la détection 388
Détection 388: 0 alerte(s) créée(s)
Traitement de la détection 389
Alerte créée: 54 - Intrusion - CAM-08-ZoneStockageB
Envoi des notifications pour l'alerte 54
Alerte temps réel envoyée: 54
Alerte créée: 55 - Intrusion - CAM-08-ZoneStockageB
Envoi des notifications pour l'alerte 55
Alerte temps réel envoyée: 55
Alerte créée: 56 - Intrusion - CAM-08-ZoneStockageB
Envoi des notifications pour l'alerte 56
Alerte temps réel envoyée: 56
Détection 389: 3 alerte(s) créée(s)
Traitement de la détection 390
Alerte créée: 57 - Vol - CAM-09-BureauAdministration
Envoi des notifications pour l'alerte 57
Alerte temps réel envoyée: 57
Alerte créée: 58 - Vol - CAM-09-BureauAdministration
Envoi des notifications pour l'alerte 58
Alerte temps réel envoyée: 58
Alerte créée: 59 - Vol - CAM-09-BureauAdministration
Envoi des notifications pour l'alerte 59
Alerte temps réel envoyée: 59
Alerte créée: 60 - Vol - CAM-09-BureauAdministration
Envoi des notifications pour l'alerte 60
Alerte temps réel envoyée: 60
Alerte créée: 61 - Vol - CAM-09-BureauAdministration
Envoi des notifications pour l'alerte 61
Alerte temps réel envoyée: 61
Alerte créée: 62 - Vol - CAM-09-BureauAdministration
Envoi des notifications pour l'alerte 62
Alerte temps réel envoyée: 62
Alerte créée: 63 - Vol - CAM-09-BureauAdministration
Envoi des notifications pour l'alerte 63
Alerte temps réel envoyée: 63
Détection 390: 7 alerte(s) créée(s)
Traitement de la détection 391
Détection 391: 0 alerte(s) créée(s)
Traitement de la détection 392
Détection 392: 0 alerte(s) créée(s)
Traitement de la détection 393
Détection 393: 0 alerte(s) créée(s)
Traitement de la détection 394
Détection 394: 0 alerte(s) créée(s)
Traitement de la détection 395
Détection 395: 0 alerte(s) créée(s)
Traitement de la détection 396
Détection 396: 0 alerte(s) créée(s)
Traitement de la détection 397
Alerte créée: 64 - Vol - CAM-11-EspaceVente
Envoi des notifications pour l'alerte 64
Alerte temps réel envoyée: 64
Alerte créée: 65 - Vol - CAM-11-EspaceVente
Envoi des notifications pour l'alerte 65
Alerte temps réel envoyée: 65
Alerte créée: 66 - Vol - CAM-11-EspaceVente
Envoi des notifications pour l'alerte 66
Alerte temps réel envoyée: 66
Alerte créée: 67 - Vol - CAM-11-EspaceVente
Envoi des notifications pour l'alerte 67
Alerte temps réel envoyée: 67
Alerte créée: 68 - Vol - CAM-11-EspaceVente
Envoi des notifications pour l'alerte 68
Alerte temps réel envoyée: 68
Alerte créée: 69 - Vol - CAM-11-EspaceVente
Envoi des notifications pour l'alerte 69
Alerte temps réel envoyée: 69
Alerte créée: 70 - Vol - CAM-11-EspaceVente
Envoi des notifications pour l'alerte 70
Alerte temps réel envoyée: 70
Détection 397: 7 alerte(s) créée(s)
Traitement de la détection 398
Détection 398: 0 alerte(s) créée(s)
Traitement de la détection 399
Détection 399: 0 alerte(s) créée(s)
Traitement de la détection 400
Détection 400: 0 alerte(s) créée(s)
Traitement de la détection 401
Détection 401: 0 alerte(s) créée(s)
Traitement de la détection 402
Détection 402: 0 alerte(s) créée(s)
Erreur dashboard: Cannot reorder a query once a slice has been taken.
Erreur dashboard: Cannot reorder a query once a slice has been taken.
Traitement de la détection 436
Alerte créée: 71 - Incendie - CAM-11-EspaceVente
Envoi des notifications pour l'alerte 71
Alerte temps réel envoyée: 71
Détection 436: 1 alerte(s) créée(s)
Traitement de la détection 437
Détection 437: 0 alerte(s) créée(s)
Traitement de la détection 438
Détection 438: 0 alerte(s) créée(s)
Traitement de la détection 439
Alerte créée: 72 - Vol - CAM-01-EntréePrincipale
Envoi des notifications pour l'alerte 72
Alerte temps réel envoyée: 72
Alerte créée: 73 - Vol - CAM-01-EntréePrincipale
Envoi des notifications pour l'alerte 73
Alerte temps réel envoyée: 73
Alerte créée: 74 - Vol - CAM-01-EntréePrincipale
Envoi des notifications pour l'alerte 74
Alerte temps réel envoyée: 74
Alerte créée: 75 - Vol - CAM-01-EntréePrincipale
Envoi des notifications pour l'alerte 75
Alerte temps réel envoyée: 75
Alerte créée: 76 - Vol - CAM-01-EntréePrincipale
Envoi des notifications pour l'alerte 76
Alerte temps réel envoyée: 76
Alerte créée: 77 - Vol - CAM-01-EntréePrincipale
Envoi des notifications pour l'alerte 77
Alerte temps réel envoyée: 77
Alerte créée: 78 - Vol - CAM-01-EntréePrincipale
Envoi des notifications pour l'alerte 78
Alerte temps réel envoyée: 78
Alerte créée: 79 - Vol - CAM-01-EntréePrincipale
Envoi des notifications pour l'alerte 79
Alerte temps réel envoyée: 79
Alerte créée: 80 - Vol - CAM-01-EntréePrincipale
Envoi des notifications pour l'alerte 80
Alerte temps réel envoyée: 80
Détection 439: 9 alerte(s) créée(s)
Traitement de la détection 440
Détection 440: 0 alerte(s) créée(s)
Traitement de la détection 441
Détection 441: 0 alerte(s) créée(s)
Traitement de la détection 442
Détection 442: 0 alerte(s) créée(s)
Traitement de la détection 443
Détection 443: 0 alerte(s) créée(s)
Traitement de la détection 444
Détection 444: 0 alerte(s) créée(s)
Traitement de la détection 445
Détection 445: 0 alerte(s) créée(s)
Traitement de la détection 446
Détection 446: 0 alerte(s) créée(s)
Traitement de la détection 447
Détection 447: 0 alerte(s) créée(s)
Traitement de la détection 448
Détection 448: 0 alerte(s) créée(s)
Traitement de la détection 449
Détection 449: 0 alerte(s) créée(s)
Traitement de la détection 450
Alerte créée: 81 - Vol - CAM-06-QuaideChargement
Envoi des notifications pour l'alerte 81
Alerte temps réel envoyée: 81
Alerte créée: 82 - Vol - CAM-06-QuaideChargement
Envoi des notifications pour l'alerte 82
Alerte temps réel envoyée: 82
Détection 450: 2 alerte(s) créée(s)
Traitement de la détection 451
Détection 451: 0 alerte(s) créée(s)
Erreur dashboard: Cannot reorder a query once a slice has been taken.
Erreur dashboard: Cannot reorder a query once a slice has been taken.
Erreur dashboard: Cannot reorder a query once a slice has been taken.
Erreur dashboard: Cannot reorder a query once a slice has been taken.
Erreur dashboard: Cannot reorder a query once a slice has been taken.
Traitement de la détection 499
Détection 499: 0 alerte(s) créée(s)
Traitement de la détection 500
Détection 500: 0 alerte(s) créée(s)
Traitement de la détection 501
Détection 501: 0 alerte(s) créée(s)
Traitement de la détection 502
Alerte créée: 83 - Comportement suspect - CAM-10-Vitrine
Envoi des notifications pour l'alerte 83
Alerte temps réel envoyée: 83
Alerte créée: 84 - Comportement suspect - CAM-10-Vitrine
Envoi des notifications pour l'alerte 84
Alerte temps réel envoyée: 84
Alerte créée: 85 - Comportement suspect - CAM-10-Vitrine
Envoi des notifications pour l'alerte 85
Alerte temps réel envoyée: 85
Alerte créée: 86 - Comportement suspect - CAM-10-Vitrine
Envoi des notifications pour l'alerte 86
Alerte temps réel envoyée: 86
Alerte créée: 87 - Comportement suspect - CAM-10-Vitrine
Envoi des notifications pour l'alerte 87
Alerte temps réel envoyée: 87
Alerte créée: 88 - Comportement suspect - CAM-10-Vitrine
Envoi des notifications pour l'alerte 88
Alerte temps réel envoyée: 88
Alerte créée: 89 - Comportement suspect - CAM-10-Vitrine
Envoi des notifications pour l'alerte 89
Alerte temps réel envoyée: 89
Détection 502: 7 alerte(s) créée(s)
Traitement de la détection 503
Détection 503: 0 alerte(s) créée(s)
Traitement de la détection 504
Alerte créée: 90 - Objet abandonné - CAM-06-QuaideChargement
Envoi des notifications pour l'alerte 90
Alerte temps réel envoyée: 90
Alerte créée: 91 - Objet abandonné - CAM-06-QuaideChargement
Envoi des notifications pour l'alerte 91
Alerte temps réel envoyée: 91
Alerte créée: 92 - Objet abandonné - CAM-06-QuaideChargement
Envoi des notifications pour l'alerte 92
Alerte temps réel envoyée: 92
Alerte créée: 93 - Objet abandonné - CAM-06-QuaideChargement
Envoi des notifications pour l'alerte 93
Alerte temps réel envoyée: 93
Alerte créée: 94 - Objet abandonné - CAM-06-QuaideChargement
Envoi des notifications pour l'alerte 94
Alerte temps réel envoyée: 94
Détection 504: 5 alerte(s) créée(s)
Traitement de la détection 505
Détection 505: 0 alerte(s) créée(s)
Traitement de la détection 506
Détection 506: 0 alerte(s) créée(s)
Traitement de la détection 507
Détection 507: 0 alerte(s) créée(s)
Traitement de la détection 508
Détection 508: 0 alerte(s) créée(s)
Traitement de la détection 509
Détection 509: 0 alerte(s) créée(s)
Traitement de la détection 510
Détection 510: 0 alerte(s) créée(s)
Traitement de la détection 511
Détection 511: 0 alerte(s) créée(s)
Traitement de la détection 512
Détection 512: 0 alerte(s) créée(s)
Traitement de la détection 513
Détection 513: 0 alerte(s) créée(s)
Traitement de la détection 514
Détection 514: 0 alerte(s) créée(s)
Traitement de la détection 515
Détection 515: 0 alerte(s) créée(s)
Traitement de la détection 516
Alerte créée: 95 - Objet abandonné - CAM-03-RayonÉlectronique
Envoi des notifications pour l'alerte 95
Alerte temps réel envoyée: 95
Alerte créée: 96 - Objet abandonné - CAM-03-RayonÉlectronique
Envoi des notifications pour l'alerte 96
Alerte temps réel envoyée: 96
Alerte créée: 97 - Objet abandonné - CAM-03-RayonÉlectronique
Envoi des notifications pour l'alerte 97
Alerte temps réel envoyée: 97
Alerte créée: 98 - Objet abandonné - CAM-03-RayonÉlectronique
Envoi des notifications pour l'alerte 98
Alerte temps réel envoyée: 98
Détection 516: 4 alerte(s) créée(s)
Traitement de la détection 517
Détection 517: 0 alerte(s) créée(s)
Traitement de la détection 518
Détection 518: 0 alerte(s) créée(s)
Traitement de la détection 556
Alerte créée: 99 - Intrusion - CAM-11-EspaceVente
Envoi des notifications pour l'alerte 99
Alerte temps réel envoyée: 99
Alerte créée: 100 - Intrusion - CAM-11-EspaceVente
Envoi des notifications pour l'alerte 100
Alerte temps réel envoyée: 100
Alerte créée: 101 - Intrusion - CAM-11-EspaceVente
Envoi des notifications pour l'alerte 101
Alerte temps réel envoyée: 101
Détection 556: 3 alerte(s) créée(s)
Traitement de la détection 557
Alerte créée: 102 - Incendie - CAM-06-QuaideChargement
Envoi des notifications pour l'alerte 102
Alerte temps réel envoyée: 102
Alerte créée: 103 - Incendie - CAM-06-QuaideChargement
Envoi des notifications pour l'alerte 103
Alerte temps réel envoyée: 103
Alerte créée: 104 - Incendie - CAM-06-QuaideChargement
Envoi des notifications pour l'alerte 104
Alerte temps réel envoyée: 104
Alerte créée: 105 - Incendie - CAM-06-QuaideChargement
Envoi des notifications pour l'alerte 105
Alerte temps réel envoyée: 105
Alerte créée: 106 - Incendie - CAM-06-QuaideChargement
Envoi des notifications pour l'alerte 106
Alerte temps réel envoyée: 106
Détection 557: 5 alerte(s) créée(s)
Traitement de la détection 558
Détection 558: 0 alerte(s) créée(s)
Traitement de la détection 559
Alerte créée: 107 - Objet abandonné - CAM-01-EntréePrincipale
Envoi des notifications pour l'alerte 107
Alerte temps réel envoyée: 107
Alerte créée: 108 - Objet abandonné - CAM-01-EntréePrincipale
Envoi des notifications pour l'alerte 108
Alerte temps réel envoyée: 108
Alerte créée: 109 - Objet abandonné - CAM-01-EntréePrincipale
Envoi des notifications pour l'alerte 109
Alerte temps réel envoyée: 109
Alerte créée: 110 - Objet abandonné - CAM-01-EntréePrincipale
Envoi des notifications pour l'alerte 110
Alerte temps réel envoyée: 110
Alerte créée: 111 - Objet abandonné - CAM-01-EntréePrincipale
Envoi des notifications pour l'alerte 111
Alerte temps réel envoyée: 111
Alerte créée: 112 - Objet abandonné - CAM-01-EntréePrincipale
Envoi des notifications pour l'alerte 112
Alerte temps réel envoyée: 112
Détection 559: 6 alerte(s) créée(s)
Traitement de la détection 560
Détection 560: 0 alerte(s) créée(s)
Traitement de la détection 561
Détection 561: 0 alerte(s) créée(s)
Traitement de la détection 562
Détection 562: 0 alerte(s) créée(s)
Traitement de la détection 563
Détection 563: 0 alerte(s) créée(s)
Traitement de la détection 564
Détection 564: 0 alerte(s) créée(s)
Traitement de la détection 565
Détection 565: 0 alerte(s) créée(s)
Traitement de la détection 566
Détection 566: 0 alerte(s) créée(s)
Traitement de la détection 567
Détection 567: 0 alerte(s) créée(s)
Traitement de la détection 568
Détection 568: 0 alerte(s) créée(s)
Traitement de la détection 569
Détection 569: 0 alerte(s) créée(s)
Traitement de la détection 624
Détection 624: 0 alerte(s) créée(s)
Traitement de la détection 625
Détection 625: 0 alerte(s) créée(s)
Traitement de la détection 626
Détection 626: 0 alerte(s) créée(s)
Traitement de la détection 627
Alerte créée: 113 - Incendie - CAM-02-Caisses
Envoi des notifications pour l'alerte 113
Alerte temps réel envoyée: 113
Alerte créée: 114 - Incendie - CAM-02-Caisses
Envoi des notifications pour l'alerte 114
Alerte temps réel envoyée: 114
Alerte créée: 115 - Incendie - CAM-02-Caisses
Envoi des notifications pour l'alerte 115
Alerte temps réel envoyée: 115
Alerte créée: 116 - Incendie - CAM-02-Caisses
Envoi des notifications pour l'alerte 116
Alerte temps réel envoyée: 116
Alerte créée: 117 - Incendie - CAM-02-Caisses
Envoi des notifications pour l'alerte 117
Alerte temps réel envoyée: 117
Alerte créée: 118 - Incendie - CAM-02-Caisses
Envoi des notifications pour l'alerte 118
Alerte temps réel envoyée: 118
Alerte créée: 119 - Incendie - CAM-02-Caisses
Envoi des notifications pour l'alerte 119
Alerte temps réel envoyée: 119
Alerte créée: 120 - Incendie - CAM-02-Caisses
Envoi des notifications pour l'alerte 120
Alerte temps réel envoyée: 120
Alerte créée: 121 - Incendie - CAM-02-Caisses
Envoi des notifications pour l'alerte 121
Alerte temps réel envoyée: 121
Alerte créée: 122 - Incendie - CAM-02-Caisses
Envoi des notifications pour l'alerte 122
Alerte temps réel envoyée: 122
Alerte créée: 123 - Incendie - CAM-02-Caisses
Envoi des notifications pour l'alerte 123
Alerte temps réel envoyée: 123
Détection 627: 11 alerte(s) créée(s)
Traitement de la détection 628
Détection 628: 0 alerte(s) créée(s)
Traitement de la détection 629
Alerte créée: 124 - Vol - CAM-06-QuaideChargement
Envoi des notifications pour l'alerte 124
Alerte temps réel envoyée: 124
Alerte créée: 125 - Vol - CAM-06-QuaideChargement
Envoi des notifications pour l'alerte 125
Alerte temps réel envoyée: 125
Alerte créée: 126 - Vol - CAM-06-QuaideChargement
Envoi des notifications pour l'alerte 126
Alerte temps réel envoyée: 126
Alerte créée: 127 - Vol - CAM-06-QuaideChargement
Envoi des notifications pour l'alerte 127
Alerte temps réel envoyée: 127
Alerte créée: 128 - Vol - CAM-06-QuaideChargement
Envoi des notifications pour l'alerte 128
Alerte temps réel envoyée: 128
Alerte créée: 129 - Vol - CAM-06-QuaideChargement
Envoi des notifications pour l'alerte 129
Alerte temps réel envoyée: 129
Alerte créée: 130 - Vol - CAM-06-QuaideChargement
Envoi des notifications pour l'alerte 130
Alerte temps réel envoyée: 130
Alerte créée: 131 - Vol - CAM-06-QuaideChargement
Envoi des notifications pour l'alerte 131
Alerte temps réel envoyée: 131
Alerte créée: 132 - Vol - CAM-06-QuaideChargement
Envoi des notifications pour l'alerte 132
Alerte temps réel envoyée: 132
Alerte créée: 133 - Vol - CAM-06-QuaideChargement
Envoi des notifications pour l'alerte 133
Alerte temps réel envoyée: 133
Alerte créée: 134 - Vol - CAM-06-QuaideChargement
Envoi des notifications pour l'alerte 134
Alerte temps réel envoyée: 134
Alerte créée: 135 - Vol - CAM-06-QuaideChargement
Envoi des notifications pour l'alerte 135
Alerte temps réel envoyée: 135
Alerte créée: 136 - Vol - CAM-06-QuaideChargement
Envoi des notifications pour l'alerte 136
Alerte temps réel envoyée: 136
Alerte créée: 137 - Vol - CAM-06-QuaideChargement
Envoi des notifications pour l'alerte 137
Alerte temps réel envoyée: 137
Alerte créée: 138 - Vol - CAM-06-QuaideChargement
Envoi des notifications pour l'alerte 138
Alerte temps réel envoyée: 138
Alerte créée: 139 - Vol - CAM-06-QuaideChargement
Envoi des notifications pour l'alerte 139
Alerte temps réel envoyée: 139
Alerte créée: 140 - Vol - CAM-06-QuaideChargement
Envoi des notifications pour l'alerte 140
Alerte temps réel envoyée: 140
Alerte créée: 141 - Vol - CAM-06-QuaideChargement
Envoi des notifications pour l'alerte 141
Alerte temps réel envoyée: 141
Alerte créée: 142 - Vol - CAM-06-QuaideChargement
Envoi des notifications pour l'alerte 142
Alerte temps réel envoyée: 142
Alerte créée: 143 - Vol - CAM-06-QuaideChargement
Envoi des notifications pour l'alerte 143
Alerte temps réel envoyée: 143
Alerte créée: 144 - Vol - CAM-06-QuaideChargement
Envoi des notifications pour l'alerte 144
Alerte temps réel envoyée: 144
Alerte créée: 145 - Vol - CAM-06-QuaideChargement
Envoi des notifications pour l'alerte 145
Alerte temps réel envoyée: 145
Détection 629: 22 alerte(s) créée(s)
Traitement de la détection 630
Alerte créée: 146 - Vol - CAM-11-EspaceVente
Envoi des notifications pour l'alerte 146
Alerte temps réel envoyée: 146
Alerte créée: 147 - Vol - CAM-11-EspaceVente
Envoi des notifications pour l'alerte 147
Alerte temps réel envoyée: 147
Alerte créée: 148 - Vol - CAM-11-EspaceVente
Envoi des notifications pour l'alerte 148
Alerte temps réel envoyée: 148
Alerte créée: 149 - Vol - CAM-11-EspaceVente
Envoi des notifications pour l'alerte 149
Alerte temps réel envoyée: 149
Alerte créée: 150 - Vol - CAM-11-EspaceVente
Envoi des notifications pour l'alerte 150
Alerte temps réel envoyée: 150
Alerte créée: 151 - Vol - CAM-11-EspaceVente
Envoi des notifications pour l'alerte 151
Alerte temps réel envoyée: 151
Alerte créée: 152 - Vol - CAM-11-EspaceVente
Envoi des notifications pour l'alerte 152
Alerte temps réel envoyée: 152
Alerte créée: 153 - Vol - CAM-11-EspaceVente
Envoi des notifications pour l'alerte 153
Alerte temps réel envoyée: 153
Alerte créée: 154 - Vol - CAM-11-EspaceVente
Envoi des notifications pour l'alerte 154
Alerte temps réel envoyée: 154
Alerte créée: 155 - Vol - CAM-11-EspaceVente
Envoi des notifications pour l'alerte 155
Alerte temps réel envoyée: 155
Alerte créée: 156 - Vol - CAM-11-EspaceVente
Envoi des notifications pour l'alerte 156
Alerte temps réel envoyée: 156
Alerte créée: 157 - Vol - CAM-11-EspaceVente
Envoi des notifications pour l'alerte 157
Alerte temps réel envoyée: 157
Alerte créée: 158 - Vol - CAM-11-EspaceVente
Envoi des notifications pour l'alerte 158
Alerte temps réel envoyée: 158
Alerte créée: 159 - Vol - CAM-11-EspaceVente
Envoi des notifications pour l'alerte 159
Alerte temps réel envoyée: 159
Alerte créée: 160 - Vol - CAM-11-EspaceVente
Envoi des notifications pour l'alerte 160
Alerte temps réel envoyée: 160
Alerte créée: 161 - Vol - CAM-11-EspaceVente
Envoi des notifications pour l'alerte 161
Alerte temps réel envoyée: 161
Alerte créée: 162 - Vol - CAM-11-EspaceVente
Envoi des notifications pour l'alerte 162
Alerte temps réel envoyée: 162
Alerte créée: 163 - Vol - CAM-11-EspaceVente
Envoi des notifications pour l'alerte 163
Alerte temps réel envoyée: 163
Alerte créée: 164 - Vol - CAM-11-EspaceVente
Envoi des notifications pour l'alerte 164
Alerte temps réel envoyée: 164
Alerte créée: 165 - Vol - CAM-11-EspaceVente
Envoi des notifications pour l'alerte 165
Alerte temps réel envoyée: 165
Alerte créée: 166 - Vol - CAM-11-EspaceVente
Envoi des notifications pour l'alerte 166
Alerte temps réel envoyée: 166
Alerte créée: 167 - Vol - CAM-11-EspaceVente
Envoi des notifications pour l'alerte 167
Alerte temps réel envoyée: 167
Détection 630: 22 alerte(s) créée(s)
Traitement de la détection 631
Détection 631: 0 alerte(s) créée(s)
Traitement de la détection 632
Détection 632: 0 alerte(s) créée(s)
Traitement de la détection 633
Alerte créée: 168 - Vol - CAM-03-RayonÉlectronique
Envoi des notifications pour l'alerte 168
Alerte temps réel envoyée: 168
Alerte créée: 169 - Vol - CAM-03-RayonÉlectronique
Envoi des notifications pour l'alerte 169
Alerte temps réel envoyée: 169
Alerte créée: 170 - Vol - CAM-03-RayonÉlectronique
Envoi des notifications pour l'alerte 170
Alerte temps réel envoyée: 170
Alerte créée: 171 - Vol - CAM-03-RayonÉlectronique
Envoi des notifications pour l'alerte 171
Alerte temps réel envoyée: 171
Alerte créée: 172 - Vol - CAM-03-RayonÉlectronique
Envoi des notifications pour l'alerte 172
Alerte temps réel envoyée: 172
Alerte créée: 173 - Vol - CAM-03-RayonÉlectronique
Envoi des notifications pour l'alerte 173
Alerte temps réel envoyée: 173
Alerte créée: 174 - Vol - CAM-03-RayonÉlectronique
Envoi des notifications pour l'alerte 174
Alerte temps réel envoyée: 174
Alerte créée: 175 - Vol - CAM-03-RayonÉlectronique
Envoi des notifications pour l'alerte 175
Alerte temps réel envoyée: 175
Alerte créée: 176 - Vol - CAM-03-RayonÉlectronique
Envoi des notifications pour l'alerte 176
Alerte temps réel envoyée: 176
Alerte créée: 177 - Vol - CAM-03-RayonÉlectronique
Envoi des notifications pour l'alerte 177
Alerte temps réel envoyée: 177
Alerte créée: 178 - Vol - CAM-03-RayonÉlectronique
Envoi des notifications pour l'alerte 178
Alerte temps réel envoyée: 178
Détection 633: 11 alerte(s) créée(s)
Traitement de la détection 634
Détection 634: 0 alerte(s) créée(s)
Traitement de la détection 635
Détection 635: 0 alerte(s) créée(s)
Traitement de la détection 636
Détection 636: 0 alerte(s) créée(s)
Traitement de la détection 637
Détection 637: 0 alerte(s) créée(s)
Traitement de la détection 638
Détection 638: 0 alerte(s) créée(s)
Traitement de la détection 639
Détection 639: 0 alerte(s) créée(s)
